mode: set
together-backend/internal/usecases/comment.go:24.116,29.2 1 0
together-backend/internal/usecases/comment.go:31.119,32.18 1 0
together-backend/internal/usecases/comment.go:35.2,35.17 1 0
together-backend/internal/usecases/comment.go:38.2,38.27 1 0
together-backend/internal/usecases/comment.go:42.2,43.53 2 0
together-backend/internal/usecases/comment.go:47.2,47.22 1 0
together-backend/internal/usecases/comment.go:51.2,52.16 2 0
together-backend/internal/usecases/comment.go:56.2,56.24 1 0
together-backend/internal/usecases/comment.go:32.18,34.3 1 0
together-backend/internal/usecases/comment.go:35.17,37.3 1 0
together-backend/internal/usecases/comment.go:38.27,40.3 1 0
together-backend/internal/usecases/comment.go:43.53,45.3 1 0
together-backend/internal/usecases/comment.go:47.22,49.3 1 0
together-backend/internal/usecases/comment.go:52.16,54.3 1 0
together-backend/internal/usecases/comment.go:59.113,61.18 1 0
together-backend/internal/usecases/comment.go:65.2,66.16 2 0
together-backend/internal/usecases/comment.go:70.2,71.16 2 0
together-backend/internal/usecases/comment.go:75.2,75.29 1 0
together-backend/internal/usecases/comment.go:61.18,63.3 1 0
together-backend/internal/usecases/comment.go:66.16,68.3 1 0
together-backend/internal/usecases/comment.go:71.16,73.3 1 0
together-backend/internal/usecases/comment.go:78.105,79.18 1 0
together-backend/internal/usecases/comment.go:82.2,82.17 1 0
together-backend/internal/usecases/comment.go:85.2,85.20 1 0
together-backend/internal/usecases/comment.go:89.2,90.53 2 0
together-backend/internal/usecases/comment.go:94.2,94.22 1 0
together-backend/internal/usecases/comment.go:98.2,99.16 2 0
together-backend/internal/usecases/comment.go:103.2,104.16 2 0
together-backend/internal/usecases/comment.go:108.2,108.27 1 0
together-backend/internal/usecases/comment.go:79.18,81.3 1 0
together-backend/internal/usecases/comment.go:82.17,84.3 1 0
together-backend/internal/usecases/comment.go:85.20,87.3 1 0
together-backend/internal/usecases/comment.go:90.53,92.3 1 0
together-backend/internal/usecases/comment.go:94.22,96.3 1 0
together-backend/internal/usecases/comment.go:99.16,101.3 1 0
together-backend/internal/usecases/comment.go:104.16,106.3 1 0
together-backend/internal/usecases/event.go:52.177,59.2 1 1
together-backend/internal/usecases/event.go:61.109,62.25 1 1
together-backend/internal/usecases/event.go:65.2,65.27 1 1
together-backend/internal/usecases/event.go:68.2,68.36 1 1
together-backend/internal/usecases/event.go:71.2,71.46 1 1
together-backend/internal/usecases/event.go:74.2,75.40 2 1
together-backend/internal/usecases/event.go:78.2,79.16 2 1
together-backend/internal/usecases/event.go:82.2,82.22 1 1
together-backend/internal/usecases/event.go:62.25,64.3 1 1
together-backend/internal/usecases/event.go:65.27,67.3 1 1
together-backend/internal/usecases/event.go:68.36,70.3 1 1
together-backend/internal/usecases/event.go:71.46,73.3 1 1
together-backend/internal/usecases/event.go:75.40,77.3 1 1
together-backend/internal/usecases/event.go:79.16,81.3 1 1
together-backend/internal/usecases/event.go:85.126,89.16 3 0
together-backend/internal/usecases/event.go:93.2,94.16 2 0
together-backend/internal/usecases/event.go:98.2,98.35 1 0
together-backend/internal/usecases/event.go:110.2,110.41 1 0
together-backend/internal/usecases/event.go:89.16,91.3 1 0
together-backend/internal/usecases/event.go:94.16,96.3 1 0
together-backend/internal/usecases/event.go:98.35,100.17 2 0
together-backend/internal/usecases/event.go:103.3,107.75 2 0
together-backend/internal/usecases/event.go:100.17,102.4 1 0
together-backend/internal/usecases/event.go:113.90,114.18 1 0
together-backend/internal/usecases/event.go:118.2,119.16 2 0
together-backend/internal/usecases/event.go:123.2,124.16 2 0
together-backend/internal/usecases/event.go:128.2,132.34 2 0
together-backend/internal/usecases/event.go:114.18,116.3 1 0
together-backend/internal/usecases/event.go:119.16,121.3 1 0
together-backend/internal/usecases/event.go:124.16,126.3 1 0
together-backend/internal/usecases/event.go:135.81,136.18 1 0
together-backend/internal/usecases/event.go:139.2,139.17 1 0
together-backend/internal/usecases/event.go:143.2,144.16 2 0
together-backend/internal/usecases/event.go:148.2,151.16 3 0
together-backend/internal/usecases/event.go:155.2,155.18 1 0
together-backend/internal/usecases/event.go:136.18,138.3 1 0
together-backend/internal/usecases/event.go:139.17,141.3 1 0
together-backend/internal/usecases/event.go:144.16,146.3 1 0
together-backend/internal/usecases/event.go:151.16,153.3 1 0
together-backend/internal/usecases/event.go:158.125,159.25 1 0
together-backend/internal/usecases/event.go:162.2,162.27 1 0
together-backend/internal/usecases/event.go:165.2,165.36 1 0
together-backend/internal/usecases/event.go:168.2,168.46 1 0
together-backend/internal/usecases/event.go:171.2,172.16 2 0
together-backend/internal/usecases/event.go:176.2,177.16 2 0
together-backend/internal/usecases/event.go:180.2,180.26 1 0
together-backend/internal/usecases/event.go:159.25,161.3 1 0
together-backend/internal/usecases/event.go:162.27,164.3 1 0
together-backend/internal/usecases/event.go:165.36,167.3 1 0
together-backend/internal/usecases/event.go:168.46,170.3 1 0
together-backend/internal/usecases/event.go:172.16,174.3 1 0
together-backend/internal/usecases/event.go:177.16,179.3 1 0
together-backend/internal/usecases/event.go:183.101,191.53 3 0
together-backend/internal/usecases/event.go:195.2,195.25 1 0
together-backend/internal/usecases/event.go:217.2,218.16 2 0
together-backend/internal/usecases/event.go:222.2,226.40 2 0
together-backend/internal/usecases/event.go:191.53,193.3 1 0
together-backend/internal/usecases/event.go:195.25,197.17 2 0
together-backend/internal/usecases/event.go:200.3,201.17 2 0
together-backend/internal/usecases/event.go:204.3,204.47 1 0
together-backend/internal/usecases/event.go:197.17,199.4 1 0
together-backend/internal/usecases/event.go:201.17,203.4 1 0
together-backend/internal/usecases/event.go:205.8,207.17 2 0
together-backend/internal/usecases/event.go:210.3,211.17 2 0
together-backend/internal/usecases/event.go:214.3,214.41 1 0
together-backend/internal/usecases/event.go:207.17,209.4 1 0
together-backend/internal/usecases/event.go:211.17,213.4 1 0
together-backend/internal/usecases/event.go:218.16,220.3 1 0
together-backend/internal/usecases/upload_file.go:26.71,30.2 1 0
together-backend/internal/usecases/upload_file.go:32.92,33.35 1 0
together-backend/internal/usecases/upload_file.go:39.2,40.16 2 0
together-backend/internal/usecases/upload_file.go:44.2,47.20 3 0
together-backend/internal/usecases/upload_file.go:50.2,50.26 1 0
together-backend/internal/usecases/upload_file.go:81.2,81.25 1 0
together-backend/internal/usecases/upload_file.go:33.35,34.40 1 0
together-backend/internal/usecases/upload_file.go:34.40,36.4 1 0
together-backend/internal/usecases/upload_file.go:40.16,42.3 1 0
together-backend/internal/usecases/upload_file.go:47.20,49.3 1 0
together-backend/internal/usecases/upload_file.go:50.26,64.17 3 0
together-backend/internal/usecases/upload_file.go:67.3,75.17 3 0
together-backend/internal/usecases/upload_file.go:78.3,78.60 1 0
together-backend/internal/usecases/upload_file.go:64.17,66.4 1 0
together-backend/internal/usecases/upload_file.go:75.17,77.4 1 0
together-backend/internal/usecases/upload_file.go:84.83,85.40 1 0
together-backend/internal/usecases/upload_file.go:89.2,90.16 2 0
together-backend/internal/usecases/upload_file.go:94.2,98.16 4 0
together-backend/internal/usecases/upload_file.go:101.2,109.16 3 0
together-backend/internal/usecases/upload_file.go:113.2,113.36 1 0
together-backend/internal/usecases/upload_file.go:85.40,87.3 1 0
together-backend/internal/usecases/upload_file.go:90.16,92.3 1 0
together-backend/internal/usecases/upload_file.go:98.16,100.3 1 0
together-backend/internal/usecases/upload_file.go:109.16,111.3 1 0
together-backend/internal/usecases/user.go:26.62,30.2 1 0
together-backend/internal/usecases/user.go:32.79,34.17 1 0
together-backend/internal/usecases/user.go:38.2,39.16 2 0
together-backend/internal/usecases/user.go:43.2,43.18 1 0
together-backend/internal/usecases/user.go:34.17,36.3 1 0
together-backend/internal/usecases/user.go:39.16,41.3 1 0
together-backend/internal/usecases/user.go:46.124,53.17 2 0
together-backend/internal/usecases/user.go:56.2,56.16 1 0
together-backend/internal/usecases/user.go:59.2,59.18 1 0
together-backend/internal/usecases/user.go:63.2,64.16 2 0
together-backend/internal/usecases/user.go:68.2,68.21 1 0
together-backend/internal/usecases/user.go:80.2,80.25 1 0
together-backend/internal/usecases/user.go:53.17,55.3 1 0
together-backend/internal/usecases/user.go:56.16,58.3 1 0
together-backend/internal/usecases/user.go:59.18,61.3 1 0
together-backend/internal/usecases/user.go:64.16,66.3 1 0
together-backend/internal/usecases/user.go:68.21,70.17 2 0
together-backend/internal/usecases/user.go:70.17,72.4 1 0
together-backend/internal/usecases/user.go:73.8,75.17 2 0
together-backend/internal/usecases/user.go:75.17,77.4 1 0
together-backend/internal/usecases/user.go:83.130,90.17 2 0
together-backend/internal/usecases/user.go:93.2,93.26 1 0
together-backend/internal/usecases/user.go:96.2,96.36 1 0
together-backend/internal/usecases/user.go:100.2,101.16 2 0
together-backend/internal/usecases/user.go:105.2,105.90 1 0
together-backend/internal/usecases/user.go:109.2,110.16 2 0
together-backend/internal/usecases/user.go:114.2,115.16 2 0
together-backend/internal/usecases/user.go:119.2,119.25 1 0
together-backend/internal/usecases/user.go:90.17,92.3 1 0
together-backend/internal/usecases/user.go:93.26,95.3 1 0
together-backend/internal/usecases/user.go:96.36,98.3 1 0
together-backend/internal/usecases/user.go:101.16,103.3 1 0
together-backend/internal/usecases/user.go:105.90,107.3 1 0
together-backend/internal/usecases/user.go:110.16,112.3 1 0
together-backend/internal/usecases/user.go:115.16,117.3 1 0
together-backend/internal/usecases/auth.go:35.74,39.2 1 0
together-backend/internal/usecases/auth.go:41.80,42.31 1 0
together-backend/internal/usecases/auth.go:45.2,45.24 1 0
together-backend/internal/usecases/auth.go:49.2,50.16 2 0
together-backend/internal/usecases/auth.go:54.2,54.87 1 0
together-backend/internal/usecases/auth.go:59.2,71.16 5 0
together-backend/internal/usecases/auth.go:75.2,78.8 1 0
together-backend/internal/usecases/auth.go:42.31,44.3 1 0
together-backend/internal/usecases/auth.go:45.24,47.3 1 0
together-backend/internal/usecases/auth.go:50.16,52.3 1 0
together-backend/internal/usecases/auth.go:54.87,56.3 1 0
together-backend/internal/usecases/auth.go:71.16,73.3 1 0
together-backend/internal/usecases/auth.go:81.106,82.16 1 0
together-backend/internal/usecases/auth.go:85.2,85.31 1 0
together-backend/internal/usecases/auth.go:88.2,88.23 1 0
together-backend/internal/usecases/auth.go:91.2,91.33 1 0
together-backend/internal/usecases/auth.go:95.2,96.53 2 0
together-backend/internal/usecases/auth.go:100.2,100.25 1 0
together-backend/internal/usecases/auth.go:104.2,107.16 3 0
together-backend/internal/usecases/auth.go:112.2,124.16 5 0
together-backend/internal/usecases/auth.go:128.2,131.8 1 0
together-backend/internal/usecases/auth.go:82.16,84.3 1 0
together-backend/internal/usecases/auth.go:85.31,87.3 1 0
together-backend/internal/usecases/auth.go:88.23,90.3 1 0
together-backend/internal/usecases/auth.go:91.33,93.3 1 0
together-backend/internal/usecases/auth.go:96.53,98.3 1 0
together-backend/internal/usecases/auth.go:100.25,102.3 1 0
together-backend/internal/usecases/auth.go:107.16,109.3 1 0
together-backend/internal/usecases/auth.go:124.16,126.3 1 0
